<?xml version="1.0" encoding="UTF-8"?>
<testng-results ignored="0" total="1" passed="1" failed="0" skipped="0">
  <reporter-output>
  </reporter-output>
  <suite started-at="2025-02-19T22:40:13 IST" name="Default suite" finished-at="2025-02-19T22:40:39 IST" duration-ms="25946">
    <groups>
    </groups>
    <test started-at="2025-02-19T22:40:13 IST" name="Default test" finished-at="2025-02-19T22:40:39 IST" duration-ms="25946">
      <class name="testNGstudy1.ExpandTesting">
        <test-method signature="expandTesting()[pri:0, instance:testNGstudy1.ExpandTesting@3c41ed1d]" started-at="2025-02-19T22:40:13 IST" name="expandTesting" finished-at="2025-02-19T22:40:39 IST" duration-ms="25895" status="PASS">
          <reporter-output>
          </reporter-output>
        </test-method> <!-- expandTesting -->
      </class> <!-- testNGstudy1.ExpandTesting -->
    </test> <!-- Default test -->
  </suite> <!-- Default suite -->
</testng-results>
